======================================================================
🔍 Polymarket 订单簿套利扫描器
======================================================================

📡 正在获取市场数据...
   获取到 100 个市场

📊 正在分析订单簿...
   进度: 0/100
   进度: 20/100
   进度: 40/100
   进度: 60/100
   进度: 80/100

======================================================================
📈 分析完成: 共 0 个潜在机会
======================================================================

❌ 当前无利可图的套利机会

💡 原因分析:
   - 市场定价高效，bid-ask 价差通常被套利者迅速消除
   - 手续费和滑点侵蚀了潜在利润
   - 高频交易者有更快执行速度

⚠️ 风险提示:
   - 滑点可能大于预估
   - 市场波动时价格可能快速变化
   - 需要足够流动性才能执行大额交易
   - 建议先用小额测试
======================================================================
🔍 Polymarket 订单簿套利扫描器
======================================================================

📡 正在获取市场数据...
   获取到 100 个市场

📊 正在分析订单簿...
   进度: 0/100
   进度: 20/100
   进度: 40/100
   进度: 60/100
   进度: 80/100

======================================================================
📈 分析完成: 共 0 个潜在机会
======================================================================

❌ 当前无利可图的套利机会

💡 原因分析:
   - 市场定价高效，bid-ask 价差通常被套利者迅速消除
   - 手续费和滑点侵蚀了潜在利润
   - 高频交易者有更快执行速度

⚠️ 风险提示:
   - 滑点可能大于预估
   - 市场波动时价格可能快速变化
   - 需要足够流动性才能执行大额交易
   - 建议先用小额测试
======================================================================
🔍 Polymarket 订单簿套利扫描器
======================================================================

📡 正在获取市场数据...
   获取到 100 个市场

📊 正在分析订单簿...
   进度: 0/100
   进度: 20/100
   进度: 40/100
   进度: 60/100
   进度: 80/100

======================================================================
📈 分析完成: 共 0 个潜在机会
======================================================================

❌ 当前无利可图的套利机会

💡 原因分析:
   - 市场定价高效，bid-ask 价差通常被套利者迅速消除
   - 手续费和滑点侵蚀了潜在利润
   - 高频交易者有更快执行速度

⚠️ 风险提示:
   - 滑点可能大于预估
   - 市场波动时价格可能快速变化
   - 需要足够流动性才能执行大额交易
   - 建议先用小额测试
======================================================================
🔍 Polymarket 订单簿套利扫描器
======================================================================

📡 正在获取市场数据...
   获取到 100 个市场

📊 正在分析订单簿...
   进度: 0/100
   进度: 20/100
   进度: 40/100
   进度: 60/100
   进度: 80/100

======================================================================
📈 分析完成: 共 0 个潜在机会
======================================================================

❌ 当前无利可图的套利机会

💡 原因分析:
   - 市场定价高效，bid-ask 价差通常被套利者迅速消除
   - 手续费和滑点侵蚀了潜在利润
   - 高频交易者有更快执行速度

⚠️ 风险提示:
   - 滑点可能大于预估
   - 市场波动时价格可能快速变化
   - 需要足够流动性才能执行大额交易
   - 建议先用小额测试
======================================================================
🔍 Polymarket 订单簿套利扫描器
======================================================================

📡 正在获取市场数据...
   获取到 100 个市场

📊 正在分析订单簿...
   进度: 0/100
   进度: 20/100
   进度: 40/100
   进度: 60/100
   进度: 80/100

======================================================================
📈 分析完成: 共 0 个潜在机会
======================================================================

❌ 当前无利可图的套利机会

💡 原因分析:
   - 市场定价高效，bid-ask 价差通常被套利者迅速消除
   - 手续费和滑点侵蚀了潜在利润
   - 高频交易者有更快执行速度

⚠️ 风险提示:
   - 滑点可能大于预估
   - 市场波动时价格可能快速变化
   - 需要足够流动性才能执行大额交易
   - 建议先用小额测试
======================================================================
🔍 Polymarket 订单簿套利扫描器
======================================================================

📡 正在获取市场数据...
   获取到 100 个市场

📊 正在分析订单簿...
   进度: 0/100
   进度: 20/100
   进度: 40/100
   进度: 60/100
   进度: 80/100

======================================================================
📈 分析完成: 共 0 个潜在机会
======================================================================

❌ 当前无利可图的套利机会

💡 原因分析:
   - 市场定价高效，bid-ask 价差通常被套利者迅速消除
   - 手续费和滑点侵蚀了潜在利润
   - 高频交易者有更快执行速度

⚠️ 风险提示:
   - 滑点可能大于预估
   - 市场波动时价格可能快速变化
   - 需要足够流动性才能执行大额交易
   - 建议先用小额测试
======================================================================
🔍 Polymarket 订单簿套利扫描器
======================================================================

📡 正在获取市场数据...
   获取到 100 个市场

📊 正在分析订单簿...
   进度: 0/100
   进度: 20/100
   进度: 40/100
   进度: 60/100
   进度: 80/100

======================================================================
📈 分析完成: 共 0 个潜在机会
======================================================================

❌ 当前无利可图的套利机会

💡 原因分析:
   - 市场定价高效，bid-ask 价差通常被套利者迅速消除
   - 手续费和滑点侵蚀了潜在利润
   - 高频交易者有更快执行速度

⚠️ 风险提示:
   - 滑点可能大于预估
   - 市场波动时价格可能快速变化
   - 需要足够流动性才能执行大额交易
   - 建议先用小额测试
======================================================================
🔍 Polymarket 订单簿套利扫描器
======================================================================

📡 正在获取市场数据...
   获取到 100 个市场

📊 正在分析订单簿...
   进度: 0/100
   进度: 20/100
   进度: 40/100
   进度: 60/100
   进度: 80/100

======================================================================
📈 分析完成: 共 0 个潜在机会
======================================================================

❌ 当前无利可图的套利机会

💡 原因分析:
   - 市场定价高效，bid-ask 价差通常被套利者迅速消除
   - 手续费和滑点侵蚀了潜在利润
   - 高频交易者有更快执行速度

⚠️ 风险提示:
   - 滑点可能大于预估
   - 市场波动时价格可能快速变化
   - 需要足够流动性才能执行大额交易
   - 建议先用小额测试
======================================================================
🔍 Polymarket 订单簿套利扫描器
======================================================================

📡 正在获取市场数据...
   获取到 100 个市场

📊 正在分析订单簿...
   进度: 0/100
   进度: 20/100
   进度: 40/100
   进度: 60/100
   进度: 80/100

======================================================================
📈 分析完成: 共 0 个潜在机会
======================================================================

❌ 当前无利可图的套利机会

💡 原因分析:
   - 市场定价高效，bid-ask 价差通常被套利者迅速消除
   - 手续费和滑点侵蚀了潜在利润
   - 高频交易者有更快执行速度

⚠️ 风险提示:
   - 滑点可能大于预估
   - 市场波动时价格可能快速变化
   - 需要足够流动性才能执行大额交易
   - 建议先用小额测试
======================================================================
🔍 Polymarket 订单簿套利扫描器
======================================================================

📡 正在获取市场数据...
   获取到 100 个市场

📊 正在分析订单簿...
   进度: 0/100
   进度: 20/100
   进度: 40/100
   进度: 60/100
   进度: 80/100

======================================================================
📈 分析完成: 共 0 个潜在机会
======================================================================

❌ 当前无利可图的套利机会

💡 原因分析:
   - 市场定价高效，bid-ask 价差通常被套利者迅速消除
   - 手续费和滑点侵蚀了潜在利润
   - 高频交易者有更快执行速度

⚠️ 风险提示:
   - 滑点可能大于预估
   - 市场波动时价格可能快速变化
   - 需要足够流动性才能执行大额交易
   - 建议先用小额测试
======================================================================
🔍 Polymarket 订单簿套利扫描器
======================================================================

📡 正在获取市场数据...
   获取到 100 个市场

📊 正在分析订单簿...
   进度: 0/100
   进度: 20/100
   进度: 40/100
   进度: 60/100
   进度: 80/100

======================================================================
📈 分析完成: 共 0 个潜在机会
======================================================================

❌ 当前无利可图的套利机会

💡 原因分析:
   - 市场定价高效，bid-ask 价差通常被套利者迅速消除
   - 手续费和滑点侵蚀了潜在利润
   - 高频交易者有更快执行速度

⚠️ 风险提示:
   - 滑点可能大于预估
   - 市场波动时价格可能快速变化
   - 需要足够流动性才能执行大额交易
   - 建议先用小额测试
======================================================================
🔍 Polymarket 订单簿套利扫描器
======================================================================

📡 正在获取市场数据...
   获取到 100 个市场

📊 正在分析订单簿...
   进度: 0/100
   进度: 20/100
   进度: 40/100
   进度: 60/100
   进度: 80/100

======================================================================
📈 分析完成: 共 0 个潜在机会
======================================================================

❌ 当前无利可图的套利机会

💡 原因分析:
   - 市场定价高效，bid-ask 价差通常被套利者迅速消除
   - 手续费和滑点侵蚀了潜在利润
   - 高频交易者有更快执行速度

⚠️ 风险提示:
   - 滑点可能大于预估
   - 市场波动时价格可能快速变化
   - 需要足够流动性才能执行大额交易
   - 建议先用小额测试
======================================================================
🔍 Polymarket 订单簿套利扫描器
======================================================================

📡 正在获取市场数据...
   获取到 100 个市场

📊 正在分析订单簿...
   进度: 0/100
   进度: 20/100
   进度: 40/100
   进度: 60/100
   进度: 80/100

======================================================================
📈 分析完成: 共 0 个潜在机会
======================================================================

❌ 当前无利可图的套利机会

💡 原因分析:
   - 市场定价高效，bid-ask 价差通常被套利者迅速消除
   - 手续费和滑点侵蚀了潜在利润
   - 高频交易者有更快执行速度

⚠️ 风险提示:
   - 滑点可能大于预估
   - 市场波动时价格可能快速变化
   - 需要足够流动性才能执行大额交易
   - 建议先用小额测试
======================================================================
🔍 Polymarket 订单簿套利扫描器
======================================================================

📡 正在获取市场数据...
   获取到 100 个市场

📊 正在分析订单簿...
   进度: 0/100
   进度: 20/100
   进度: 40/100
   进度: 60/100
   进度: 80/100

======================================================================
📈 分析完成: 共 0 个潜在机会
======================================================================

❌ 当前无利可图的套利机会

💡 原因分析:
   - 市场定价高效，bid-ask 价差通常被套利者迅速消除
   - 手续费和滑点侵蚀了潜在利润
   - 高频交易者有更快执行速度

⚠️ 风险提示:
   - 滑点可能大于预估
   - 市场波动时价格可能快速变化
   - 需要足够流动性才能执行大额交易
   - 建议先用小额测试
======================================================================
🔍 Polymarket 订单簿套利扫描器
======================================================================

📡 正在获取市场数据...
   获取到 100 个市场

📊 正在分析订单簿...
   进度: 0/100
   进度: 20/100
   进度: 40/100
   进度: 60/100
   进度: 80/100

======================================================================
📈 分析完成: 共 0 个潜在机会
======================================================================

❌ 当前无利可图的套利机会

💡 原因分析:
   - 市场定价高效，bid-ask 价差通常被套利者迅速消除
   - 手续费和滑点侵蚀了潜在利润
   - 高频交易者有更快执行速度

⚠️ 风险提示:
   - 滑点可能大于预估
   - 市场波动时价格可能快速变化
   - 需要足够流动性才能执行大额交易
   - 建议先用小额测试
======================================================================
🔍 Polymarket 订单簿套利扫描器
======================================================================

📡 正在获取市场数据...
   获取到 100 个市场

📊 正在分析订单簿...
   进度: 0/100
   进度: 20/100
   进度: 40/100
   进度: 60/100
   进度: 80/100

======================================================================
📈 分析完成: 共 0 个潜在机会
======================================================================

❌ 当前无利可图的套利机会

💡 原因分析:
   - 市场定价高效，bid-ask 价差通常被套利者迅速消除
   - 手续费和滑点侵蚀了潜在利润
   - 高频交易者有更快执行速度

⚠️ 风险提示:
   - 滑点可能大于预估
   - 市场波动时价格可能快速变化
   - 需要足够流动性才能执行大额交易
   - 建议先用小额测试
======================================================================
🔍 Polymarket 订单簿套利扫描器
======================================================================

📡 正在获取市场数据...
   获取到 100 个市场

📊 正在分析订单簿...
   进度: 0/100
   进度: 20/100
   进度: 40/100
   进度: 60/100
   进度: 80/100

======================================================================
📈 分析完成: 共 0 个潜在机会
======================================================================

❌ 当前无利可图的套利机会

💡 原因分析:
   - 市场定价高效，bid-ask 价差通常被套利者迅速消除
   - 手续费和滑点侵蚀了潜在利润
   - 高频交易者有更快执行速度

⚠️ 风险提示:
   - 滑点可能大于预估
   - 市场波动时价格可能快速变化
   - 需要足够流动性才能执行大额交易
   - 建议先用小额测试
======================================================================
🔍 Polymarket 订单簿套利扫描器
======================================================================

📡 正在获取市场数据...
   获取到 100 个市场

📊 正在分析订单簿...
   进度: 0/100
   进度: 20/100
   进度: 40/100
   进度: 60/100
   进度: 80/100

======================================================================
📈 分析完成: 共 0 个潜在机会
======================================================================

❌ 当前无利可图的套利机会

💡 原因分析:
   - 市场定价高效，bid-ask 价差通常被套利者迅速消除
   - 手续费和滑点侵蚀了潜在利润
   - 高频交易者有更快执行速度

⚠️ 风险提示:
   - 滑点可能大于预估
   - 市场波动时价格可能快速变化
   - 需要足够流动性才能执行大额交易
   - 建议先用小额测试
======================================================================
🔍 Polymarket 订单簿套利扫描器
======================================================================

📡 正在获取市场数据...
   获取到 100 个市场

📊 正在分析订单簿...
   进度: 0/100
   进度: 20/100
   进度: 40/100
   进度: 60/100
   进度: 80/100

======================================================================
📈 分析完成: 共 0 个潜在机会
======================================================================

❌ 当前无利可图的套利机会

💡 原因分析:
   - 市场定价高效，bid-ask 价差通常被套利者迅速消除
   - 手续费和滑点侵蚀了潜在利润
   - 高频交易者有更快执行速度

⚠️ 风险提示:
   - 滑点可能大于预估
   - 市场波动时价格可能快速变化
   - 需要足够流动性才能执行大额交易
   - 建议先用小额测试
======================================================================
🔍 Polymarket 订单簿套利扫描器
======================================================================

📡 正在获取市场数据...
   获取到 100 个市场

📊 正在分析订单簿...
   进度: 0/100
   进度: 20/100
   进度: 40/100
   进度: 60/100
   进度: 80/100

======================================================================
📈 分析完成: 共 0 个潜在机会
======================================================================

❌ 当前无利可图的套利机会

💡 原因分析:
   - 市场定价高效，bid-ask 价差通常被套利者迅速消除
   - 手续费和滑点侵蚀了潜在利润
   - 高频交易者有更快执行速度

⚠️ 风险提示:
   - 滑点可能大于预估
   - 市场波动时价格可能快速变化
   - 需要足够流动性才能执行大额交易
   - 建议先用小额测试
======================================================================
🔍 Polymarket 订单簿套利扫描器
======================================================================

📡 正在获取市场数据...
   获取到 100 个市场

📊 正在分析订单簿...
   进度: 0/100
   进度: 20/100
   进度: 40/100
   进度: 60/100
   进度: 80/100

======================================================================
📈 分析完成: 共 0 个潜在机会
======================================================================

❌ 当前无利可图的套利机会

💡 原因分析:
   - 市场定价高效，bid-ask 价差通常被套利者迅速消除
   - 手续费和滑点侵蚀了潜在利润
   - 高频交易者有更快执行速度

⚠️ 风险提示:
   - 滑点可能大于预估
   - 市场波动时价格可能快速变化
   - 需要足够流动性才能执行大额交易
   - 建议先用小额测试
======================================================================
🔍 Polymarket 订单簿套利扫描器
======================================================================

📡 正在获取市场数据...
   获取到 100 个市场

📊 正在分析订单簿...
   进度: 0/100
   进度: 20/100
   进度: 40/100
   进度: 60/100
   进度: 80/100

======================================================================
📈 分析完成: 共 0 个潜在机会
======================================================================

❌ 当前无利可图的套利机会

💡 原因分析:
   - 市场定价高效，bid-ask 价差通常被套利者迅速消除
   - 手续费和滑点侵蚀了潜在利润
   - 高频交易者有更快执行速度

⚠️ 风险提示:
   - 滑点可能大于预估
   - 市场波动时价格可能快速变化
   - 需要足够流动性才能执行大额交易
   - 建议先用小额测试
======================================================================
🔍 Polymarket 订单簿套利扫描器
======================================================================

📡 正在获取市场数据...
   获取到 100 个市场

📊 正在分析订单簿...
   进度: 0/100
   进度: 20/100
   进度: 40/100
   进度: 60/100
   进度: 80/100

======================================================================
📈 分析完成: 共 0 个潜在机会
======================================================================

❌ 当前无利可图的套利机会

💡 原因分析:
   - 市场定价高效，bid-ask 价差通常被套利者迅速消除
   - 手续费和滑点侵蚀了潜在利润
   - 高频交易者有更快执行速度

⚠️ 风险提示:
   - 滑点可能大于预估
   - 市场波动时价格可能快速变化
   - 需要足够流动性才能执行大额交易
   - 建议先用小额测试
======================================================================
🔍 Polymarket 订单簿套利扫描器
======================================================================

📡 正在获取市场数据...
   获取到 100 个市场

📊 正在分析订单簿...
   进度: 0/100
   进度: 20/100
   进度: 40/100
   进度: 60/100
   进度: 80/100

======================================================================
📈 分析完成: 共 0 个潜在机会
======================================================================

❌ 当前无利可图的套利机会

💡 原因分析:
   - 市场定价高效，bid-ask 价差通常被套利者迅速消除
   - 手续费和滑点侵蚀了潜在利润
   - 高频交易者有更快执行速度

⚠️ 风险提示:
   - 滑点可能大于预估
   - 市场波动时价格可能快速变化
   - 需要足够流动性才能执行大额交易
   - 建议先用小额测试
======================================================================
🔍 Polymarket 订单簿套利扫描器
======================================================================

📡 正在获取市场数据...
   获取到 100 个市场

📊 正在分析订单簿...
   进度: 0/100
   进度: 20/100
   进度: 40/100
   进度: 60/100
   进度: 80/100

======================================================================
📈 分析完成: 共 0 个潜在机会
======================================================================

❌ 当前无利可图的套利机会

💡 原因分析:
   - 市场定价高效，bid-ask 价差通常被套利者迅速消除
   - 手续费和滑点侵蚀了潜在利润
   - 高频交易者有更快执行速度

⚠️ 风险提示:
   - 滑点可能大于预估
   - 市场波动时价格可能快速变化
   - 需要足够流动性才能执行大额交易
   - 建议先用小额测试
======================================================================
🔍 Polymarket 订单簿套利扫描器
======================================================================

📡 正在获取市场数据...
   获取到 100 个市场

📊 正在分析订单簿...
   进度: 0/100
   进度: 20/100
   进度: 40/100
   进度: 60/100
   进度: 80/100

======================================================================
📈 分析完成: 共 0 个潜在机会
======================================================================

❌ 当前无利可图的套利机会

💡 原因分析:
   - 市场定价高效，bid-ask 价差通常被套利者迅速消除
   - 手续费和滑点侵蚀了潜在利润
   - 高频交易者有更快执行速度

⚠️ 风险提示:
   - 滑点可能大于预估
   - 市场波动时价格可能快速变化
   - 需要足够流动性才能执行大额交易
   - 建议先用小额测试
======================================================================
🔍 Polymarket 订单簿套利扫描器
======================================================================

📡 正在获取市场数据...
   获取到 100 个市场

📊 正在分析订单簿...
   进度: 0/100
   进度: 20/100
   进度: 40/100
   进度: 60/100
   进度: 80/100

======================================================================
📈 分析完成: 共 0 个潜在机会
======================================================================

❌ 当前无利可图的套利机会

💡 原因分析:
   - 市场定价高效，bid-ask 价差通常被套利者迅速消除
   - 手续费和滑点侵蚀了潜在利润
   - 高频交易者有更快执行速度

⚠️ 风险提示:
   - 滑点可能大于预估
   - 市场波动时价格可能快速变化
   - 需要足够流动性才能执行大额交易
   - 建议先用小额测试
======================================================================
🔍 Polymarket 订单簿套利扫描器
======================================================================

📡 正在获取市场数据...
   获取到 100 个市场

📊 正在分析订单簿...
   进度: 0/100
   进度: 20/100
   进度: 40/100
   进度: 60/100
   进度: 80/100

======================================================================
📈 分析完成: 共 0 个潜在机会
======================================================================

❌ 当前无利可图的套利机会

💡 原因分析:
   - 市场定价高效，bid-ask 价差通常被套利者迅速消除
   - 手续费和滑点侵蚀了潜在利润
   - 高频交易者有更快执行速度

⚠️ 风险提示:
   - 滑点可能大于预估
   - 市场波动时价格可能快速变化
   - 需要足够流动性才能执行大额交易
   - 建议先用小额测试
======================================================================
🔍 Polymarket 订单簿套利扫描器
======================================================================

📡 正在获取市场数据...
   获取到 100 个市场

📊 正在分析订单簿...
   进度: 0/100
   进度: 20/100
   进度: 40/100
   进度: 60/100
   进度: 80/100

======================================================================
📈 分析完成: 共 0 个潜在机会
======================================================================

❌ 当前无利可图的套利机会

💡 原因分析:
   - 市场定价高效，bid-ask 价差通常被套利者迅速消除
   - 手续费和滑点侵蚀了潜在利润
   - 高频交易者有更快执行速度

⚠️ 风险提示:
   - 滑点可能大于预估
   - 市场波动时价格可能快速变化
   - 需要足够流动性才能执行大额交易
   - 建议先用小额测试
======================================================================
🔍 Polymarket 订单簿套利扫描器
======================================================================

📡 正在获取市场数据...
Error fetching markets: ('Received response with content-encoding: br, but failed to decode it.', error("brotli: decoder process called with data when 'can_accept_more_data()' is False"))
   获取到 0 个市场

📊 正在分析订单簿...

======================================================================
📈 分析完成: 共 0 个潜在机会
======================================================================

❌ 当前无利可图的套利机会

💡 原因分析:
   - 市场定价高效，bid-ask 价差通常被套利者迅速消除
   - 手续费和滑点侵蚀了潜在利润
   - 高频交易者有更快执行速度

⚠️ 风险提示:
   - 滑点可能大于预估
   - 市场波动时价格可能快速变化
   - 需要足够流动性才能执行大额交易
   - 建议先用小额测试
