2026-03-09 23:35,100,1
2026-03-09 23:36,100,1
2026-03-09 23:37,100,1
[2026-03-10 00:30:02] 开始扫描(对冲模式)...
[2026-03-10 00:30:02] 合约: 557, 现货: 443, 可对冲: 373
[2026-03-10 00:30:49] 扫描完成，共373个可对冲币种
[2026-03-10 00:30:49] 
🔥 做空机会 (正费率):
[2026-03-10 00:30:49]   1000CATUSDT 费率+0.016% 月化3.7% ✅
[2026-03-10 00:30:49]   BELUSDT 费率+0.010% 月化1.9% ✅
[2026-03-10 00:30:49]   ATAUSDT 费率+0.010% 月化1.9% ✅
[2026-03-10 00:30:49]   ICXUSDT 费率+0.010% 月化1.9% ✅
[2026-03-10 00:30:49]   RDNTUSDT 费率+0.010% 月化1.9% ✅
[2026-03-10 00:30:49] 
💰 做多机会 (负费率):
[2026-03-10 00:30:49]   KITEUSDT 费率-1.249% 月化-337.9% ❌
[2026-03-10 00:30:49]   HUMAUSDT 费率-0.903% 月化-244.7% ❌
[2026-03-10 00:30:49]   DENTUSDT 费率-0.466% 月化-126.6% ❌
[2026-03-10 00:30:49]   KERNELUSDT 费率-0.287% 月化-78.3% ❌
[2026-03-10 00:30:49]   DOGSUSDT 费率-0.255% 月化-69.5% ❌
[2026-03-10 00:30:49] 
⚠️ 高收益机会(月化>3%):
[2026-03-10 00:30:49]   1000CATUSDT 做空 月化3.7%
[2026-03-10 01:30:01] 开始扫描(对冲模式)...
[2026-03-10 01:30:02] 合约: 557, 现货: 443, 可对冲: 373
[2026-03-10 01:30:48] 扫描完成，共373个可对冲币种
[2026-03-10 01:30:48] 
🔥 做空机会 (正费率):
[2026-03-10 01:30:48]   1000CATUSDT 费率+0.016% 月化3.7% ✅
[2026-03-10 01:30:48]   RDNTUSDT 费率+0.010% 月化1.9% ✅
[2026-03-10 01:30:48]   PENDLEUSDT 费率+0.010% 月化1.9% ✅
[2026-03-10 01:30:48]   ONEUSDT 费率+0.010% 月化1.9% ✅
[2026-03-10 01:30:48]   RUNEUSDT 费率+0.010% 月化1.9% ✅
[2026-03-10 01:30:48] 
💰 做多机会 (负费率):
[2026-03-10 01:30:48]   KITEUSDT 费率-1.249% 月化-337.9% ❌
[2026-03-10 01:30:48]   HUMAUSDT 费率-0.903% 月化-244.7% ❌
[2026-03-10 01:30:48]   DENTUSDT 费率-0.466% 月化-126.6% ❌
[2026-03-10 01:30:48]   KERNELUSDT 费率-0.287% 月化-78.3% ❌
[2026-03-10 01:30:48]   DOGSUSDT 费率-0.255% 月化-69.5% ❌
[2026-03-10 01:30:48] 
⚠️ 高收益机会(月化>3%):
[2026-03-10 01:30:48]   1000CATUSDT 做空 月化3.7%
[2026-03-10 02:30:01] 开始扫描(对冲模式)...
[2026-03-10 02:30:02] 合约: 557, 现货: 443, 可对冲: 373
[2026-03-10 02:30:48] 扫描完成，共373个可对冲币种
[2026-03-10 02:30:48] 
🔥 做空机会 (正费率):
[2026-03-10 02:30:48]   1000CATUSDT 费率+0.016% 月化3.7% ✅
[2026-03-10 02:30:48]   COTIUSDT 费率+0.010% 月化1.9% ✅
[2026-03-10 02:30:48]   ARPAUSDT 费率+0.010% 月化1.9% ✅
[2026-03-10 02:30:48]   STXUSDT 费率+0.010% 月化1.9% ✅
[2026-03-10 02:30:48]   SSVUSDT 费率+0.010% 月化1.9% ✅
[2026-03-10 02:30:48] 
💰 做多机会 (负费率):
[2026-03-10 02:30:48]   KITEUSDT 费率-1.249% 月化-337.9% ❌
[2026-03-10 02:30:48]   HUMAUSDT 费率-0.903% 月化-244.7% ❌
[2026-03-10 02:30:48]   DENTUSDT 费率-0.466% 月化-126.6% ❌
[2026-03-10 02:30:48]   KERNELUSDT 费率-0.287% 月化-78.3% ❌
[2026-03-10 02:30:48]   DOGSUSDT 费率-0.255% 月化-69.5% ❌
[2026-03-10 02:30:48] 
⚠️ 高收益机会(月化>3%):
[2026-03-10 02:30:48]   1000CATUSDT 做空 月化3.7%
[2026-03-10 03:30:01] 开始扫描(对冲模式)...
[2026-03-10 03:30:02] 合约: 557, 现货: 443, 可对冲: 373
[2026-03-10 03:30:48] 扫描完成，共373个可对冲币种
[2026-03-10 03:30:48] 
🔥 做空机会 (正费率):
[2026-03-10 03:30:48]   1000CATUSDT 费率+0.016% 月化3.7% ✅
[2026-03-10 03:30:48]   STXUSDT 费率+0.010% 月化1.9% ✅
[2026-03-10 03:30:48]   HIGHUSDT 费率+0.010% 月化1.9% ✅
[2026-03-10 03:30:48]   PENDLEUSDT 费率+0.010% 月化1.9% ✅
[2026-03-10 03:30:48]   RUNEUSDT 费率+0.010% 月化1.9% ✅
[2026-03-10 03:30:48] 
💰 做多机会 (负费率):
[2026-03-10 03:30:48]   KITEUSDT 费率-1.249% 月化-337.9% ❌
[2026-03-10 03:30:48]   HUMAUSDT 费率-0.903% 月化-244.7% ❌
[2026-03-10 03:30:48]   DENTUSDT 费率-0.466% 月化-126.6% ❌
[2026-03-10 03:30:48]   KERNELUSDT 费率-0.287% 月化-78.3% ❌
[2026-03-10 03:30:48]   DOGSUSDT 费率-0.255% 月化-69.5% ❌
[2026-03-10 03:30:48] 
⚠️ 高收益机会(月化>3%):
[2026-03-10 03:30:48]   1000CATUSDT 做空 月化3.7%
[2026-03-10 04:30:01] 开始扫描(对冲模式)...
[2026-03-10 04:30:02] 合约: 557, 现货: 443, 可对冲: 373
[2026-03-10 04:30:49] 扫描完成，共373个可对冲币种
[2026-03-10 04:30:49] 
🔥 做空机会 (正费率):
[2026-03-10 04:30:49]   ANKRUSDT 费率+0.010% 月化1.9% ✅
[2026-03-10 04:30:49]   QTUMUSDT 费率+0.010% 月化1.9% ✅
[2026-03-10 04:30:49]   HOTUSDT 费率+0.010% 月化1.9% ✅
[2026-03-10 04:30:49]   HFTUSDT 费率+0.010% 月化1.9% ✅
[2026-03-10 04:30:49]   CELRUSDT 费率+0.010% 月化1.9% ✅
[2026-03-10 04:30:49] 
💰 做多机会 (负费率):
[2026-03-10 04:30:49]   KITEUSDT 费率-1.372% 月化-371.3% ❌
[2026-03-10 04:30:49]   HUMAUSDT 费率-0.673% 月化-182.6% ❌
[2026-03-10 04:30:49]   DENTUSDT 费率-0.466% 月化-126.6% ❌
[2026-03-10 04:30:49]   DOGSUSDT 费率-0.222% 月化-60.7% ❌
[2026-03-10 04:30:49]   SAHARAUSDT 费率-0.162% 月化-44.6% ❌
[2026-03-10 05:30:01] 开始扫描(对冲模式)...
[2026-03-10 05:30:02] 合约: 557, 现货: 443, 可对冲: 373
[2026-03-10 05:30:47] 扫描完成，共373个可对冲币种
[2026-03-10 05:30:47] 
🔥 做空机会 (正费率):
[2026-03-10 05:30:47]   QTUMUSDT 费率+0.010% 月化1.9% ✅
[2026-03-10 05:30:47]   FILUSDT 费率+0.010% 月化1.9% ✅
[2026-03-10 05:30:47]   COTIUSDT 费率+0.010% 月化1.9% ✅
[2026-03-10 05:30:47]   EGLDUSDT 费率+0.010% 月化1.9% ✅
[2026-03-10 05:30:47]   ATAUSDT 费率+0.010% 月化1.9% ✅
[2026-03-10 05:30:47] 
💰 做多机会 (负费率):
[2026-03-10 05:30:47]   KITEUSDT 费率-1.372% 月化-371.3% ❌
[2026-03-10 05:30:47]   HUMAUSDT 费率-0.673% 月化-182.6% ❌
[2026-03-10 05:30:47]   DENTUSDT 费率-0.466% 月化-126.6% ❌
[2026-03-10 05:30:47]   DOGSUSDT 费率-0.222% 月化-60.7% ❌
[2026-03-10 05:30:47]   SAHARAUSDT 费率-0.181% 月化-49.5% ❌
[2026-03-10 06:30:02] 开始扫描(对冲模式)...
[2026-03-10 06:30:03] 合约: 557, 现货: 443, 可对冲: 373
[2026-03-10 06:30:47] 扫描完成，共373个可对冲币种
[2026-03-10 06:30:47] 
🔥 做空机会 (正费率):
[2026-03-10 06:30:47]   HFTUSDT 费率+0.010% 月化1.9% ✅
[2026-03-10 06:30:47]   DYDXUSDT 费率+0.010% 月化1.9% ✅
[2026-03-10 06:30:47]   CHRUSDT 费率+0.010% 月化1.9% ✅
[2026-03-10 06:30:47]   EGLDUSDT 费率+0.010% 月化1.9% ✅
[2026-03-10 06:30:47]   ARPAUSDT 费率+0.010% 月化1.9% ✅
[2026-03-10 06:30:47] 
💰 做多机会 (负费率):
[2026-03-10 06:30:47]   KITEUSDT 费率-1.372% 月化-371.3% ❌
[2026-03-10 06:30:47]   HUMAUSDT 费率-0.673% 月化-182.6% ❌
[2026-03-10 06:30:47]   DENTUSDT 费率-0.466% 月化-126.6% ❌
[2026-03-10 06:30:47]   DOGSUSDT 费率-0.222% 月化-60.7% ❌
[2026-03-10 06:30:47]   SAHARAUSDT 费率-0.164% 月化-45.1% ❌
[2026-03-10 07:30:01] 开始扫描(对冲模式)...
[2026-03-10 07:30:02] 合约: 557, 现货: 443, 可对冲: 373
[2026-03-10 07:30:47] 扫描完成，共373个可对冲币种
[2026-03-10 07:30:47] 
🔥 做空机会 (正费率):
[2026-03-10 07:30:47]   COTIUSDT 费率+0.010% 月化1.9% ✅
[2026-03-10 07:30:47]   RLCUSDT 费率+0.010% 月化1.9% ✅
[2026-03-10 07:30:47]   CHRUSDT 费率+0.010% 月化1.9% ✅
[2026-03-10 07:30:47]   GTCUSDT 费率+0.010% 月化1.9% ✅
[2026-03-10 07:30:47]   AVAXUSDT 费率+0.010% 月化1.9% ✅
[2026-03-10 07:30:47] 
💰 做多机会 (负费率):
[2026-03-10 07:30:47]   KITEUSDT 费率-1.372% 月化-371.3% ❌
[2026-03-10 07:30:47]   HUMAUSDT 费率-0.673% 月化-182.6% ❌
[2026-03-10 07:30:47]   DENTUSDT 费率-0.466% 月化-126.6% ❌
[2026-03-10 07:30:47]   DOGSUSDT 费率-0.222% 月化-60.7% ❌
[2026-03-10 07:30:47]   SAHARAUSDT 费率-0.170% 月化-46.6% ❌
[2026-03-10 08:30:02] 开始扫描(对冲模式)...
[2026-03-10 08:30:02] 合约: 557, 现货: 443, 可对冲: 373
[2026-03-10 08:30:50] 扫描完成，共373个可对冲币种
[2026-03-10 08:30:50] 
🔥 做空机会 (正费率):
[2026-03-10 08:30:50]   TRUUSDT 费率+0.014% 月化2.9% ✅
[2026-03-10 08:30:50]   ATAUSDT 费率+0.010% 月化1.9% ✅
[2026-03-10 08:30:50]   SUIUSDT 费率+0.010% 月化1.9% ✅
[2026-03-10 08:30:50]   OGNUSDT 费率+0.010% 月化1.9% ✅
[2026-03-10 08:30:50]   XVGUSDT 费率+0.010% 月化1.9% ✅
[2026-03-10 08:30:50] 
💰 做多机会 (负费率):
[2026-03-10 08:30:50]   KITEUSDT 费率-1.601% 月化-433.0% ❌
[2026-03-10 08:30:50]   HUMAUSDT 费率-0.854% 月化-231.3% ❌
[2026-03-10 08:30:50]   STEEMUSDT 费率-0.323% 月化-87.9% ❌
[2026-03-10 08:30:50]   SAHARAUSDT 费率-0.221% 月化-60.5% ❌
[2026-03-10 08:30:50]   FLOWUSDT 费率-0.198% 月化-54.3% ❌
[2026-03-11 08:30:01] 开始扫描(对冲模式)...
[2026-03-11 08:30:03] 合约: 557, 现货: 443, 可对冲: 373
[2026-03-11 08:30:49] 扫描完成，共373个可对冲币种
[2026-03-11 08:30:49] 
🔥 做空机会 (正费率):
[2026-03-11 08:30:49]   TRUUSDT 费率+0.081% 月化21.1% ✅
[2026-03-11 08:30:49]   BANANAS31USDT 费率+0.013% 月化2.6% ✅
[2026-03-11 08:30:49]   HIGHUSDT 费率+0.010% 月化1.9% ✅
[2026-03-11 08:30:49]   GTCUSDT 费率+0.010% 月化1.9% ✅
[2026-03-11 08:30:49]   IOTXUSDT 费率+0.010% 月化1.9% ✅
[2026-03-11 08:30:49] 
💰 做多机会 (负费率):
[2026-03-11 08:30:49]   XAIUSDT 费率-1.054% 月化-285.4% ❌
[2026-03-11 08:30:49]   KITEUSDT 费率-0.706% 月化-191.5% ❌
[2026-03-11 08:30:49]   DYMUSDT 费率-0.331% 月化-90.1% ❌
[2026-03-11 08:30:49]   PIXELUSDT 费率-0.228% 月化-62.3% ❌
[2026-03-11 08:30:49]   SLPUSDT 费率-0.173% 月化-47.6% ❌
[2026-03-11 08:30:49] 
⚠️ 高收益机会(月化>3%):
[2026-03-11 08:30:49]   TRUUSDT 做空 月化21.1%
[2026-03-12 08:30:01] 开始扫描(对冲模式)...
[2026-03-12 08:30:02] 合约: 558, 现货: 444, 可对冲: 374
[2026-03-12 08:30:46] 扫描完成，共374个可对冲币种
[2026-03-12 08:30:46] 
🔥 做空机会 (正费率):
[2026-03-12 08:30:46]   PEOPLEUSDT 费率+0.010% 月化1.9% ✅
[2026-03-12 08:30:46]   ROSEUSDT 费率+0.010% 月化1.9% ✅
[2026-03-12 08:30:46]   ADAUSDT 费率+0.010% 月化1.9% ✅
[2026-03-12 08:30:46]   QTUMUSDT 费率+0.010% 月化1.9% ✅
[2026-03-12 08:30:46]   IOTXUSDT 费率+0.010% 月化1.9% ✅
[2026-03-12 08:30:46] 
💰 做多机会 (负费率):
[2026-03-12 08:30:46]   OGNUSDT 费率-2.000% 月化-540.8% ❌
[2026-03-12 08:30:46]   ACXUSDT 费率-0.679% 月化-184.0% ❌
[2026-03-12 08:30:46]   KITEUSDT 费率-0.444% 月化-120.6% ❌
[2026-03-12 08:30:46]   OXTUSDT 费率-0.399% 月化-108.4% ❌
[2026-03-12 08:30:46]   DEGOUSDT 费率-0.279% 月化-76.1% ❌
[2026-03-13 08:30:01] 开始扫描(对冲模式)...
[2026-03-13 08:30:02] 合约: 558, 现货: 444, 可对冲: 374
[2026-03-13 08:31:04] 扫描完成，共374个可对冲币种
[2026-03-13 08:31:04] 
🔥 做空机会 (正费率):
[2026-03-13 08:31:04]   ATAUSDT 费率+0.143% 月化37.8% ✅
[2026-03-13 08:31:04]   TRUUSDT 费率+0.038% 月化9.4% ✅
[2026-03-13 08:31:04]   BANANAS31USDT 费率+0.012% 月化2.4% ✅
[2026-03-13 08:31:04]   C98USDT 费率+0.010% 月化1.9% ✅
[2026-03-13 08:31:04]   BELUSDT 费率+0.010% 月化1.9% ✅
[2026-03-13 08:31:04] 
💰 做多机会 (负费率):
[2026-03-13 08:31:04]   KITEUSDT 费率-0.575% 月化-156.1% ❌
[2026-03-13 08:31:04]   TURBOUSDT 费率-0.509% 月化-138.2% ❌
[2026-03-13 08:31:04]   HUMAUSDT 费率-0.345% 月化-93.8% ❌
[2026-03-13 08:31:04]   OXTUSDT 费率-0.302% 月化-82.3% ❌
[2026-03-13 08:31:04]   GTCUSDT 费率-0.192% 月化-52.8% ❌
[2026-03-13 08:31:04] 
⚠️ 高收益机会(月化>3%):
[2026-03-13 08:31:04]   ATAUSDT 做空 月化37.8%
[2026-03-13 08:31:04]   TRUUSDT 做空 月化9.4%
[2026-03-14 08:30:02] 开始扫描(对冲模式)...
[2026-03-14 08:30:03] 合约: 558, 现货: 444, 可对冲: 374
[2026-03-14 08:30:47] 扫描完成，共374个可对冲币种
[2026-03-14 08:30:47] 
🔥 做空机会 (正费率):
[2026-03-14 08:30:47]   TRUUSDT 费率+0.160% 月化42.3% ✅
[2026-03-14 08:30:47]   BANANAS31USDT 费率+0.012% 月化2.4% ✅
[2026-03-14 08:30:47]   WOOUSDT 费率+0.010% 月化1.9% ✅
[2026-03-14 08:30:47]   YFIUSDT 费率+0.010% 月化1.9% ✅
[2026-03-14 08:30:47]   DYDXUSDT 费率+0.010% 月化1.9% ✅
[2026-03-14 08:30:47] 
💰 做多机会 (负费率):
[2026-03-14 08:30:47]   KITEUSDT 费率-0.613% 月化-166.4% ❌
[2026-03-14 08:30:47]   TLMUSDT 费率-0.568% 月化-154.0% ❌
[2026-03-14 08:30:47]   MANTRAUSDT 费率-0.269% 月化-73.4% ❌
[2026-03-14 08:30:47]   RESOLVUSDT 费率-0.203% 月化-55.5% ❌
[2026-03-14 08:30:47]   ALICEUSDT 费率-0.181% 月化-49.6% ❌
[2026-03-14 08:30:47] 
⚠️ 高收益机会(月化>3%):
[2026-03-14 08:30:47]   TRUUSDT 做空 月化42.3%
[2026-03-15 08:30:01] 开始扫描(对冲模式)...
[2026-03-15 08:30:02] 合约: 558, 现货: 444, 可对冲: 374
[2026-03-15 08:30:47] 扫描完成，共374个可对冲币种
[2026-03-15 08:30:47] 
🔥 做空机会 (正费率):
[2026-03-15 08:30:47]   GTCUSDT 费率+0.032% 月化7.8% ✅
[2026-03-15 08:30:47]   1000CATUSDT 费率+0.024% 月化5.8% ✅
[2026-03-15 08:30:47]   CHRUSDT 费率+0.018% 月化4.1% ✅
[2026-03-15 08:30:47]   BANANAS31USDT 费率+0.016% 月化3.6% ✅
[2026-03-15 08:30:47]   PHBUSDT 费率+0.010% 月化1.9% ✅
[2026-03-15 08:30:47] 
💰 做多机会 (负费率):
[2026-03-15 08:30:47]   COSUSDT 费率-0.640% 月化-173.5% ❌
[2026-03-15 08:30:47]   STEEMUSDT 费率-0.356% 月化-96.8% ❌
[2026-03-15 08:30:47]   KITEUSDT 费率-0.354% 月化-96.5% ❌
[2026-03-15 08:30:47]   CUSDT 费率-0.321% 月化-87.5% ❌
[2026-03-15 08:30:47]   RESOLVUSDT 费率-0.268% 月化-73.1% ❌
[2026-03-15 08:30:47] 
⚠️ 高收益机会(月化>3%):
[2026-03-15 08:30:47]   GTCUSDT 做空 月化7.8%
[2026-03-15 08:30:47]   1000CATUSDT 做空 月化5.8%
[2026-03-15 08:30:47]   CHRUSDT 做空 月化4.1%
[2026-03-15 08:30:47]   BANANAS31USDT 做空 月化3.6%
[2026-03-16 08:30:01] 开始扫描(对冲模式)...
[2026-03-16 08:30:02] 合约: 558, 现货: 444, 可对冲: 374
[2026-03-16 08:30:48] 扫描完成，共374个可对冲币种
[2026-03-16 08:30:48] 
🔥 做空机会 (正费率):
[2026-03-16 08:30:48]   GTCUSDT 费率+0.102% 月化26.6% ✅
[2026-03-16 08:30:48]   PHBUSDT 费率+0.018% 月化4.0% ✅
[2026-03-16 08:30:48]   NTRNUSDT 费率+0.015% 月化3.1% ✅
[2026-03-16 08:30:48]   BANANAS31USDT 费率+0.013% 月化2.7% ✅
[2026-03-16 08:30:48]   1000CATUSDT 费率+0.011% 月化2.2% ✅
[2026-03-16 08:30:48] 
💰 做多机会 (负费率):
[2026-03-16 08:30:48]   KITEUSDT 费率-0.793% 月化-215.0% ❌
[2026-03-16 08:30:48]   REZUSDT 费率-0.615% 月化-166.8% ❌
[2026-03-16 08:30:48]   SHELLUSDT 费率-0.564% 月化-153.2% ❌
[2026-03-16 08:30:48]   MANTRAUSDT 费率-0.198% 月化-54.3% ❌
[2026-03-16 08:30:48]   ENSOUSDT 费率-0.167% 月化-45.8% ❌
[2026-03-16 08:30:48] 
⚠️ 高收益机会(月化>3%):
[2026-03-16 08:30:48]   GTCUSDT 做空 月化26.6%
[2026-03-16 08:30:48]   PHBUSDT 做空 月化4.0%
[2026-03-16 08:30:48]   NTRNUSDT 做空 月化3.1%
[2026-03-17 08:30:01] 开始扫描(对冲模式)...
[2026-03-17 08:30:02] 合约: 560, 现货: 445, 可对冲: 375
[2026-03-17 08:30:47] 扫描完成，共375个可对冲币种
[2026-03-17 08:30:47] 
🔥 做空机会 (正费率):
[2026-03-17 08:30:47]   GTCUSDT 费率+0.089% 月化23.2% ✅
[2026-03-17 08:30:47]   NTRNUSDT 费率+0.033% 月化8.1% ✅
[2026-03-17 08:30:47]   DYDXUSDT 费率+0.010% 月化1.9% ✅
[2026-03-17 08:30:47]   SPELLUSDT 费率+0.010% 月化1.9% ✅
[2026-03-17 08:30:47]   YFIUSDT 费率+0.010% 月化1.9% ✅
[2026-03-17 08:30:47] 
💰 做多机会 (负费率):
[2026-03-17 08:30:47]   KITEUSDT 费率-1.014% 月化-274.5% ❌
[2026-03-17 08:30:47]   CFGUSDT 费率-0.850% 月化-230.3% ❌
[2026-03-17 08:30:47]   VANRYUSDT 费率-0.822% 月化-222.8% ❌
[2026-03-17 08:30:47]   GUSDT 费率-0.544% 月化-147.7% ❌
[2026-03-17 08:30:47]   DENTUSDT 费率-0.409% 月化-111.1% ❌
[2026-03-17 08:30:47] 
⚠️ 高收益机会(月化>3%):
[2026-03-17 08:30:47]   GTCUSDT 做空 月化23.2%
[2026-03-17 08:30:47]   NTRNUSDT 做空 月化8.1%
[2026-03-18 08:30:02] 开始扫描(对冲模式)...
[2026-03-18 08:30:03] 合约: 557, 现货: 445, 可对冲: 375
[2026-03-18 08:30:46] 扫描完成，共375个可对冲币种
[2026-03-18 08:30:46] 
🔥 做空机会 (正费率):
[2026-03-18 08:30:46]   ATAUSDT 费率+0.025% 月化5.8% ✅
[2026-03-18 08:30:46]   MINAUSDT 费率+0.010% 月化1.9% ✅
[2026-03-18 08:30:46]   ROSEUSDT 费率+0.010% 月化1.9% ✅
[2026-03-18 08:30:46]   CELRUSDT 费率+0.010% 月化1.9% ✅
[2026-03-18 08:30:46]   PENDLEUSDT 费率+0.010% 月化1.9% ✅
[2026-03-18 08:30:46] 
💰 做多机会 (负费率):
[2026-03-18 08:30:46]   POLYXUSDT 费率-1.019% 月化-275.9% ❌
[2026-03-18 08:30:46]   KITEUSDT 费率-0.793% 月化-214.9% ❌
[2026-03-18 08:30:46]   ENSOUSDT 费率-0.604% 月化-163.9% ❌
[2026-03-18 08:30:46]   CFGUSDT 费率-0.549% 月化-149.1% ❌
[2026-03-18 08:30:46]   VANRYUSDT 费率-0.443% 月化-120.3% ❌
[2026-03-18 08:30:46] 
⚠️ 高收益机会(月化>3%):
[2026-03-18 08:30:46]   ATAUSDT 做空 月化5.8%
[2026-03-19 08:30:01] 开始扫描(对冲模式)...
[2026-03-19 08:30:02] 合约: 557, 现货: 446, 可对冲: 376
[2026-03-19 08:30:47] 扫描完成，共376个可对冲币种
[2026-03-19 08:30:47] 
🔥 做空机会 (正费率):
[2026-03-19 08:30:47]   币安人生USDT 费率+0.047% 月化11.9% ✅
[2026-03-19 08:30:47]   ATAUSDT 费率+0.010% 月化1.9% ✅
[2026-03-19 08:30:47]   PEOPLEUSDT 费率+0.010% 月化1.9% ✅
[2026-03-19 08:30:47]   CELRUSDT 费率+0.010% 月化1.9% ✅
[2026-03-19 08:30:47]   DYDXUSDT 费率+0.010% 月化1.9% ✅
[2026-03-19 08:30:47] 
💰 做多机会 (负费率):
[2026-03-19 08:30:47]   DEGOUSDT 费率-1.457% 月化-394.1% ❌
[2026-03-19 08:30:47]   HUMAUSDT 费率-1.108% 月化-300.0% ❌
[2026-03-19 08:30:47]   ROBOUSDT 费率-0.373% 月化-101.6% ❌
[2026-03-19 08:30:47]   ENJUSDT 费率-0.368% 月化-100.0% ❌
[2026-03-19 08:30:47]   REZUSDT 费率-0.326% 月化-88.8% ❌
[2026-03-19 08:30:47] 
⚠️ 高收益机会(月化>3%):
[2026-03-19 08:30:47]   币安人生USDT 做空 月化11.9%
[2026-03-20 08:30:01] 开始扫描(对冲模式)...
[2026-03-20 08:30:02] 合约: 559, 现货: 446, 可对冲: 376
[2026-03-20 08:31:13] 扫描完成，共376个可对冲币种
[2026-03-20 08:31:13] 
🔥 做空机会 (正费率):
[2026-03-20 08:31:13]   NTRNUSDT 费率+0.080% 月化20.8% ✅
[2026-03-20 08:31:13]   PHBUSDT 费率+0.033% 月化8.3% ✅
[2026-03-20 08:31:13]   RLCUSDT 费率+0.010% 月化1.9% ✅
[2026-03-20 08:31:13]   CTSIUSDT 费率+0.010% 月化1.9% ✅
[2026-03-20 08:31:13]   CRVUSDT 费率+0.010% 月化1.9% ✅
[2026-03-20 08:31:13] 
💰 做多机会 (负费率):
[2026-03-20 08:31:13]   ENJUSDT 费率-0.241% 月化-65.8% ❌
[2026-03-20 08:31:13]   ROBOUSDT 费率-0.192% 月化-52.6% ❌
[2026-03-20 08:31:13]   BARDUSDT 费率-0.167% 月化-45.9% ❌
[2026-03-20 08:31:13]   HUMAUSDT 费率-0.159% 月化-43.7% ❌
[2026-03-20 08:31:13]   PIXELUSDT 费率-0.150% 月化-41.4% ❌
[2026-03-20 08:31:13] 
⚠️ 高收益机会(月化>3%):
[2026-03-20 08:31:13]   NTRNUSDT 做空 月化20.8%
[2026-03-20 08:31:13]   PHBUSDT 做空 月化8.3%
[2026-03-21 08:30:01] 开始扫描(对冲模式)...
[2026-03-21 08:30:02] 合约: 559, 现货: 446, 可对冲: 376
[2026-03-21 08:30:49] 扫描完成，共376个可对冲币种
[2026-03-21 08:30:49] 
🔥 做空机会 (正费率):
[2026-03-21 08:30:49]   A2ZUSDT 费率+0.085% 月化22.2% ✅
[2026-03-21 08:30:49]   QTUMUSDT 费率+0.010% 月化1.9% ✅
[2026-03-21 08:30:49]   TRUUSDT 费率+0.010% 月化1.9% ✅
[2026-03-21 08:30:49]   BNTUSDT 费率+0.010% 月化1.9% ✅
[2026-03-21 08:30:49]   MAVUSDT 费率+0.010% 月化1.9% ✅
[2026-03-21 08:30:49] 
💰 做多机会 (负费率):
[2026-03-21 08:30:49]   WAXPUSDT 费率-0.321% 月化-87.5% ❌
[2026-03-21 08:30:49]   CFGUSDT 费率-0.273% 月化-74.6% ❌
[2026-03-21 08:30:49]   XAIUSDT 费率-0.252% 月化-68.9% ❌
[2026-03-21 08:30:49]   BARDUSDT 费率-0.198% 月化-54.4% ❌
[2026-03-21 08:30:49]   COSUSDT 费率-0.186% 月化-51.0% ❌
[2026-03-21 08:30:49] 
⚠️ 高收益机会(月化>3%):
[2026-03-21 08:30:49]   A2ZUSDT 做空 月化22.2%
[2026-03-22 08:30:02] 开始扫描(对冲模式)...
[2026-03-22 08:30:03] 合约: 559, 现货: 446, 可对冲: 376
[2026-03-22 08:30:48] 扫描完成，共376个可对冲币种
[2026-03-22 08:30:48] 
🔥 做空机会 (正费率):
[2026-03-22 08:30:48]   A2ZUSDT 费率+0.080% 月化20.9% ✅
[2026-03-22 08:30:48]   NTRNUSDT 费率+0.052% 月化13.3% ✅
[2026-03-22 08:30:48]   STGUSDT 费率+0.010% 月化1.9% ✅
[2026-03-22 08:30:48]   XVSUSDT 费率+0.010% 月化1.9% ✅
[2026-03-22 08:30:48]   WLDUSDT 费率+0.010% 月化1.9% ✅
[2026-03-22 08:30:48] 
💰 做多机会 (负费率):
[2026-03-22 08:30:48]   TURBOUSDT 费率-0.458% 月化-124.5% ❌
[2026-03-22 08:30:48]   ANKRUSDT 费率-0.219% 月化-59.9% ❌
[2026-03-22 08:30:48]   CFGUSDT 费率-0.215% 月化-58.7% ❌
[2026-03-22 08:30:48]   PHAUSDT 费率-0.175% 月化-48.2% ❌
[2026-03-22 08:30:48]   BARDUSDT 费率-0.167% 月化-45.8% ❌
[2026-03-22 08:30:48] 
⚠️ 高收益机会(月化>3%):
[2026-03-22 08:30:48]   A2ZUSDT 做空 月化20.9%
[2026-03-22 08:30:48]   NTRNUSDT 做空 月化13.3%
[2026-03-23 08:30:01] 开始扫描(对冲模式)...
[2026-03-23 08:30:01] 合约: 559, 现货: 446, 可对冲: 376
[2026-03-23 08:30:47] 扫描完成，共376个可对冲币种
[2026-03-23 08:30:47] 
🔥 做空机会 (正费率):
[2026-03-23 08:30:47]   A2ZUSDT 费率+0.441% 月化118.4% ✅
[2026-03-23 08:30:47]   TRUUSDT 费率+0.107% 月化28.2% ✅
[2026-03-23 08:30:47]   BANANAS31USDT 费率+0.088% 月化23.1% ✅
[2026-03-23 08:30:47]   HOTUSDT 费率+0.010% 月化1.9% ✅
[2026-03-23 08:30:47]   CELRUSDT 费率+0.010% 月化1.9% ✅
[2026-03-23 08:30:47] 
💰 做多机会 (负费率):
[2026-03-23 08:30:47]   CFGUSDT 费率-0.701% 月化-190.0% ❌
[2026-03-23 08:30:47]   COSUSDT 费率-0.322% 月化-87.7% ❌
[2026-03-23 08:30:47]   DEGOUSDT 费率-0.221% 月化-60.5% ❌
[2026-03-23 08:30:47]   BARDUSDT 费率-0.213% 月化-58.3% ❌
[2026-03-23 08:30:47]   MANTRAUSDT 费率-0.157% 月化-43.2% ❌
[2026-03-23 08:30:47] 
⚠️ 高收益机会(月化>3%):
[2026-03-23 08:30:47]   A2ZUSDT 做空 月化118.4%
[2026-03-23 08:30:47]   TRUUSDT 做空 月化28.2%
[2026-03-23 08:30:47]   BANANAS31USDT 做空 月化23.1%
[2026-03-24 08:30:02] 开始扫描(对冲模式)...
[2026-03-24 08:30:02] 合约: 560, 现货: 446, 可对冲: 376
[2026-03-24 08:30:51] 扫描完成，共376个可对冲币种
[2026-03-24 08:30:51] 
🔥 做空机会 (正费率):
[2026-03-24 08:30:51]   A2ZUSDT 费率+0.753% 月化202.5% ✅
[2026-03-24 08:30:51]   NTRNUSDT 费率+0.203% 月化54.1% ✅
[2026-03-24 08:30:51]   FORTHUSDT 费率+0.051% 月化13.0% ✅
[2026-03-24 08:30:51]   BANANAS31USDT 费率+0.027% 月化6.5% ✅
[2026-03-24 08:30:51]   ACTUSDT 费率+0.016% 月化3.5% ✅
[2026-03-24 08:30:51] 
💰 做多机会 (负费率):
[2026-03-24 08:30:51]   BARDUSDT 费率-0.411% 月化-111.9% ❌
[2026-03-24 08:30:51]   CFGUSDT 费率-0.315% 月化-85.9% ❌
[2026-03-24 08:30:51]   JTOUSDT 费率-0.179% 月化-49.2% ❌
[2026-03-24 08:30:51]   TRUUSDT 费率-0.159% 月化-43.8% ❌
[2026-03-24 08:30:51]   GUSDT 费率-0.148% 月化-40.8% ❌
[2026-03-24 08:30:51] 
⚠️ 高收益机会(月化>3%):
[2026-03-24 08:30:51]   A2ZUSDT 做空 月化202.5%
[2026-03-24 08:30:51]   NTRNUSDT 做空 月化54.1%
[2026-03-24 08:30:51]   FORTHUSDT 做空 月化13.0%
[2026-03-24 08:30:51]   BANANAS31USDT 做空 月化6.5%
[2026-03-24 08:30:51]   ACTUSDT 做空 月化3.5%
[2026-03-25 08:30:01] 开始扫描(对冲模式)...
[2026-03-25 08:30:02] 合约: 554, 现货: 446, 可对冲: 370
[2026-03-25 08:30:48] 扫描完成，共370个可对冲币种
[2026-03-25 08:30:48] 
🔥 做空机会 (正费率):
[2026-03-25 08:30:48]   TRUUSDT 费率+0.171% 月化45.3% ✅
[2026-03-25 08:30:48]   ATAUSDT 费率+0.038% 月化9.5% ✅
[2026-03-25 08:30:48]   ARBUSDT 费率+0.010% 月化1.9% ✅
[2026-03-25 08:30:48]   ONEUSDT 费率+0.010% 月化1.9% ✅
[2026-03-25 08:30:48]   ADAUSDT 费率+0.010% 月化1.9% ✅
[2026-03-25 08:30:48] 
💰 做多机会 (负费率):
[2026-03-25 08:30:48]   BARDUSDT 费率-0.388% 月化-105.6% ❌
[2026-03-25 08:30:48]   ONTUSDT 费率-0.218% 月化-59.6% ❌
[2026-03-25 08:30:48]   HUMAUSDT 费率-0.178% 月化-48.9% ❌
[2026-03-25 08:30:48]   GASUSDT 费率-0.155% 月化-42.7% ❌
[2026-03-25 08:30:48]   0GUSDT 费率-0.150% 月化-41.2% ❌
[2026-03-25 08:30:48] 
⚠️ 高收益机会(月化>3%):
[2026-03-25 08:30:48]   TRUUSDT 做空 月化45.3%
[2026-03-25 08:30:48]   ATAUSDT 做空 月化9.5%
[2026-03-26 08:30:01] 开始扫描(对冲模式)...
[2026-03-26 08:30:03] 合约: 555, 现货: 446, 可对冲: 370
[2026-03-26 08:30:47] 扫描完成，共370个可对冲币种
[2026-03-26 08:30:47] 
🔥 做空机会 (正费率):
[2026-03-26 08:30:47]   TRUUSDT 费率+0.135% 月化35.8% ✅
[2026-03-26 08:30:47]   BANANAS31USDT 费率+0.027% 月化6.4% ✅
[2026-03-26 08:30:47]   PHBUSDT 费率+0.010% 月化1.9% ✅
[2026-03-26 08:30:47]   GMXUSDT 费率+0.010% 月化1.9% ✅
[2026-03-26 08:30:47]   QTUMUSDT 费率+0.010% 月化1.9% ✅
[2026-03-26 08:30:47] 
💰 做多机会 (负费率):
[2026-03-26 08:30:47]   COSUSDT 费率-0.823% 月化-223.1% ❌
[2026-03-26 08:30:47]   PROVEUSDT 费率-0.745% 月化-201.9% ❌
[2026-03-26 08:30:47]   HUMAUSDT 费率-0.370% 月化-100.6% ❌
[2026-03-26 08:30:47]   FETUSDT 费率-0.352% 月化-95.8% ❌
[2026-03-26 08:30:47]   BARDUSDT 费率-0.274% 月化-74.6% ❌
[2026-03-26 08:30:47] 
⚠️ 高收益机会(月化>3%):
[2026-03-26 08:30:47]   TRUUSDT 做空 月化35.8%
[2026-03-26 08:30:47]   BANANAS31USDT 做空 月化6.4%
[2026-03-27 08:30:01] 开始扫描(对冲模式)...
[2026-03-27 08:30:02] 合约: 559, 现货: 447, 可对冲: 371
[2026-03-27 08:30:47] 扫描完成，共371个可对冲币种
[2026-03-27 08:30:47] 
🔥 做空机会 (正费率):
[2026-03-27 08:30:47]   TRUUSDT 费率+0.236% 月化62.8% ✅
[2026-03-27 08:30:47]   BANANAS31USDT 费率+0.021% 月化5.0% ✅
[2026-03-27 08:30:47]   PARTIUSDT 费率+0.014% 月化2.9% ✅
[2026-03-27 08:30:47]   BNTUSDT 费率+0.010% 月化1.9% ✅
[2026-03-27 08:30:47]   ROSEUSDT 费率+0.010% 月化1.9% ✅
[2026-03-27 08:30:47] 
💰 做多机会 (负费率):
[2026-03-27 08:30:47]   KITEUSDT 费率-1.380% 月化-373.3% ❌
[2026-03-27 08:30:47]   SUPERUSDT 费率-0.494% 月化-134.1% ❌
[2026-03-27 08:30:47]   PROVEUSDT 费率-0.407% 月化-110.7% ❌
[2026-03-27 08:30:47]   BARDUSDT 费率-0.333% 月化-90.6% ❌
[2026-03-27 08:30:47]   HUMAUSDT 费率-0.247% 月化-67.4% ❌
[2026-03-27 08:30:47] 
⚠️ 高收益机会(月化>3%):
[2026-03-27 08:30:47]   TRUUSDT 做空 月化62.8%
[2026-03-27 08:30:47]   BANANAS31USDT 做空 月化5.0%
[2026-03-28 08:30:02] 开始扫描(对冲模式)...
[2026-03-28 08:30:02] 合约: 559, 现货: 447, 可对冲: 371
[2026-03-28 08:30:48] 扫描完成，共371个可对冲币种
[2026-03-28 08:30:48] 
🔥 做空机会 (正费率):
[2026-03-28 08:30:48]   ATAUSDT 费率+0.043% 月化10.9% ✅
[2026-03-28 08:30:48]   BNTUSDT 费率+0.010% 月化1.9% ✅
[2026-03-28 08:30:48]   TRUUSDT 费率+0.010% 月化1.9% ✅
[2026-03-28 08:30:48]   ARPAUSDT 费率+0.010% 月化1.9% ✅
[2026-03-28 08:30:48]   CTSIUSDT 费率+0.010% 月化1.9% ✅
[2026-03-28 08:30:48] 
💰 做多机会 (负费率):
[2026-03-28 08:30:48]   KNCUSDT 费率-0.568% 月化-154.2% ❌
[2026-03-28 08:30:48]   PROVEUSDT 费率-0.383% 月化-104.2% ❌
[2026-03-28 08:30:48]   KITEUSDT 费率-0.345% 月化-93.9% ❌
[2026-03-28 08:30:48]   HUMAUSDT 费率-0.231% 月化-63.1% ❌
[2026-03-28 08:30:48]   BARDUSDT 费率-0.226% 月化-61.7% ❌
[2026-03-28 08:30:48] 
⚠️ 高收益机会(月化>3%):
[2026-03-28 08:30:48]   ATAUSDT 做空 月化10.9%
[2026-03-29 08:30:01] 开始扫描(对冲模式)...
[2026-03-29 08:30:02] 合约: 559, 现货: 447, 可对冲: 371
[2026-03-29 08:30:48] 扫描完成，共371个可对冲币种
[2026-03-29 08:30:48] 
🔥 做空机会 (正费率):
[2026-03-29 08:30:48]   GTCUSDT 费率+0.195% 月化51.9% ✅
[2026-03-29 08:30:48]   CHRUSDT 费率+0.010% 月化1.9% ✅
[2026-03-29 08:30:48]   AGLDUSDT 费率+0.010% 月化1.9% ✅
[2026-03-29 08:30:48]   CELRUSDT 费率+0.010% 月化1.9% ✅
[2026-03-29 08:30:48]   WOOUSDT 费率+0.010% 月化1.9% ✅
[2026-03-29 08:30:48] 
💰 做多机会 (负费率):
[2026-03-29 08:30:48]   NOMUSDT 费率-0.761% 月化-206.1% ❌
[2026-03-29 08:30:48]   KITEUSDT 费率-0.283% 月化-77.1% ❌
[2026-03-29 08:30:48]   CFGUSDT 费率-0.226% 月化-61.7% ❌
[2026-03-29 08:30:48]   ONGUSDT 费率-0.202% 月化-55.2% ❌
[2026-03-29 08:30:48]   MANTRAUSDT 费率-0.201% 月化-55.2% ❌
[2026-03-29 08:30:48] 
⚠️ 高收益机会(月化>3%):
[2026-03-29 08:30:48]   GTCUSDT 做空 月化51.9%
[2026-03-30 08:30:02] 开始扫描(对冲模式)...
[2026-03-30 08:30:02] 合约: 559, 现货: 447, 可对冲: 371
[2026-03-30 08:30:49] 扫描完成，共371个可对冲币种
[2026-03-30 08:30:49] 
🔥 做空机会 (正费率):
[2026-03-30 08:30:49]   ATAUSDT 费率+0.198% 月化52.7% ✅
[2026-03-30 08:30:49]   币安人生USDT 费率+0.011% 月化2.2% ✅
[2026-03-30 08:30:49]   EDUUSDT 费率+0.010% 月化1.9% ✅
[2026-03-30 08:30:49]   SPELLUSDT 费率+0.010% 月化1.9% ✅
[2026-03-30 08:30:49]   CTSIUSDT 费率+0.010% 月化1.9% ✅
[2026-03-30 08:30:49] 
💰 做多机会 (负费率):
[2026-03-30 08:30:49]   NOMUSDT 费率-1.256% 月化-339.8% ❌
[2026-03-30 08:30:49]   SOPHUSDT 费率-0.700% 月化-189.7% ❌
[2026-03-30 08:30:49]   ENJUSDT 费率-0.319% 月化-87.0% ❌
[2026-03-30 08:30:49]   OGNUSDT 费率-0.311% 月化-84.7% ❌
[2026-03-30 08:30:49]   CFGUSDT 费率-0.232% 月化-63.3% ❌
[2026-03-30 08:30:49] 
⚠️ 高收益机会(月化>3%):
[2026-03-30 08:30:49]   ATAUSDT 做空 月化52.7%
[2026-03-31 08:30:02] 开始扫描(对冲模式)...
[2026-03-31 08:30:03] 合约: 560, 现货: 447, 可对冲: 371
[2026-03-31 08:30:49] 扫描完成，共371个可对冲币种
[2026-03-31 08:30:49] 
🔥 做空机会 (正费率):
[2026-03-31 08:30:49]   BELUSDT 费率+0.010% 月化1.9% ✅
[2026-03-31 08:30:49]   UNIUSDT 费率+0.010% 月化1.9% ✅
[2026-03-31 08:30:49]   XVSUSDT 费率+0.010% 月化1.9% ✅
[2026-03-31 08:30:49]   MTLUSDT 费率+0.010% 月化1.9% ✅
[2026-03-31 08:30:49]   EGLDUSDT 费率+0.010% 月化1.9% ✅
[2026-03-31 08:30:49] 
💰 做多机会 (负费率):
[2026-03-31 08:30:49]   ONGUSDT 费率-0.696% 月化-188.7% ❌
[2026-03-31 08:30:49]   PIXELUSDT 费率-0.376% 月化-102.4% ❌
[2026-03-31 08:30:49]   REZUSDT 费率-0.172% 月化-47.3% ❌
[2026-03-31 08:30:49]   FETUSDT 费率-0.170% 月化-46.8% ❌
[2026-03-31 08:30:49]   ONTUSDT 费率-0.145% 月化-39.9% ❌
[2026-04-01 08:30:02] 开始扫描(对冲模式)...
[2026-04-01 08:30:03] 合约: 560, 现货: 447, 可对冲: 371
[2026-04-01 08:30:48] 扫描完成，共371个可对冲币种
[2026-04-01 08:30:48] 
🔥 做空机会 (正费率):
[2026-04-01 08:30:48]   MINAUSDT 费率+0.010% 月化1.9% ✅
[2026-04-01 08:30:48]   WOOUSDT 费率+0.010% 月化1.9% ✅
[2026-04-01 08:30:48]   HFTUSDT 费率+0.010% 月化1.9% ✅
[2026-04-01 08:30:48]   THETAUSDT 费率+0.010% 月化1.9% ✅
[2026-04-01 08:30:48]   CTSIUSDT 费率+0.010% 月化1.9% ✅
[2026-04-01 08:30:48] 
💰 做多机会 (负费率):
[2026-04-01 08:30:48]   PROVEUSDT 费率-0.229% 月化-62.6% ❌
[2026-04-01 08:30:48]   BARDUSDT 费率-0.187% 月化-51.4% ❌
[2026-04-01 08:30:48]   SKLUSDT 费率-0.169% 月化-46.3% ❌
[2026-04-01 08:30:48]   SAHARAUSDT 费率-0.152% 月化-41.9% ❌
[2026-04-01 08:30:48]   GUSDT 费率-0.150% 月化-41.2% ❌
[2026-04-02 08:30:01] 开始扫描(对冲模式)...
[2026-04-02 08:30:03] 合约: 564, 现货: 439, 可对冲: 371
[2026-04-02 08:30:48] 扫描完成，共371个可对冲币种
[2026-04-02 08:30:48] 
🔥 做空机会 (正费率):
[2026-04-02 08:30:48]   TRUUSDT 费率+0.035% 月化8.8% ✅
[2026-04-02 08:30:48]   LINKUSDT 费率+0.010% 月化1.9% ✅
[2026-04-02 08:30:48]   CELRUSDT 费率+0.010% 月化1.9% ✅
[2026-04-02 08:30:48]   CHRUSDT 费率+0.010% 月化1.9% ✅
[2026-04-02 08:30:48]   ONEUSDT 费率+0.010% 月化1.9% ✅
[2026-04-02 08:30:48] 
💰 做多机会 (负费率):
[2026-04-02 08:30:48]   COSUSDT 费率-0.906% 月化-245.4% ❌
[2026-04-02 08:30:48]   BLURUSDT 费率-0.459% 月化-124.8% ❌
[2026-04-02 08:30:48]   MINAUSDT 费率-0.337% 月化-91.7% ❌
[2026-04-02 08:30:48]   ONGUSDT 费率-0.335% 月化-91.1% ❌
[2026-04-02 08:30:48]   CETUSUSDT 费率-0.313% 月化-85.4% ❌
[2026-04-02 08:30:48] 
⚠️ 高收益机会(月化>3%):
[2026-04-02 08:30:48]   TRUUSDT 做空 月化8.8%
[2026-04-03 08:30:01] 开始扫描(对冲模式)...
[2026-04-03 08:30:02] 合约: 564, 现货: 439, 可对冲: 371
[2026-04-03 08:30:58] 扫描完成，共371个可对冲币种
[2026-04-03 08:30:58] 
🔥 做空机会 (正费率):
[2026-04-03 08:30:58]   GALAUSDT 费率+0.010% 月化1.9% ✅
[2026-04-03 08:30:58]   IOTAUSDT 费率+0.010% 月化1.9% ✅
[2026-04-03 08:30:58]   ADAUSDT 费率+0.010% 月化1.9% ✅
[2026-04-03 08:30:58]   BICOUSDT 费率+0.010% 月化1.9% ✅
[2026-04-03 08:30:58]   ONEUSDT 费率+0.010% 月化1.9% ✅
[2026-04-03 08:30:58] 
💰 做多机会 (负费率):
[2026-04-03 08:30:58]   SYNUSDT 费率-0.915% 月化-247.9% ❌
[2026-04-03 08:30:58]   CTSIUSDT 费率-0.858% 月化-232.5% ❌
[2026-04-03 08:30:58]   NOMUSDT 费率-0.753% 月化-204.0% ❌
[2026-04-03 08:30:58]   FIDAUSDT 费率-0.275% 月化-74.9% ❌
[2026-04-03 08:30:58]   ONTUSDT 费率-0.251% 月化-68.5% ❌
[2026-04-04 08:30:02] 开始扫描(对冲模式)...
[2026-04-04 08:30:02] 合约: 564, 现货: 439, 可对冲: 371
[2026-04-04 08:30:47] 扫描完成，共371个可对冲币种
[2026-04-04 08:30:47] 
🔥 做空机会 (正费率):
[2026-04-04 08:30:47]   ACTUSDT 费率+0.022% 月化5.1% ✅
[2026-04-04 08:30:47]   CRVUSDT 费率+0.010% 月化1.9% ✅
[2026-04-04 08:30:47]   IOTXUSDT 费率+0.010% 月化1.9% ✅
[2026-04-04 08:30:47]   ARBUSDT 费率+0.010% 月化1.9% ✅
[2026-04-04 08:30:47]   ARPAUSDT 费率+0.010% 月化1.9% ✅
[2026-04-04 08:30:47] 
💰 做多机会 (负费率):
[2026-04-04 08:30:47]   ONGUSDT 费率-1.018% 月化-275.5% ❌
[2026-04-04 08:30:47]   CTSIUSDT 费率-0.759% 月化-205.7% ❌
[2026-04-04 08:30:47]   CUSDT 费率-0.513% 月化-139.4% ❌
[2026-04-04 08:30:47]   SAHARAUSDT 费率-0.247% 月化-67.5% ❌
[2026-04-04 08:30:47]   GASUSDT 费率-0.207% 月化-56.6% ❌
[2026-04-04 08:30:47] 
⚠️ 高收益机会(月化>3%):
[2026-04-04 08:30:47]   ACTUSDT 做空 月化5.1%
[2026-04-05 08:30:01] 开始扫描(对冲模式)...
[2026-04-05 08:30:02] 合约: 564, 现货: 439, 可对冲: 371
[2026-04-05 08:30:49] 扫描完成，共371个可对冲币种
[2026-04-05 08:30:49] 
🔥 做空机会 (正费率):
[2026-04-05 08:30:49]   TRUUSDT 费率+0.102% 月化26.8% ✅
[2026-04-05 08:30:49]   ROSEUSDT 费率+0.010% 月化1.9% ✅
[2026-04-05 08:30:49]   SPELLUSDT 费率+0.010% 月化1.9% ✅
[2026-04-05 08:30:49]   FILUSDT 费率+0.010% 月化1.9% ✅
[2026-04-05 08:30:49]   COMPUSDT 费率+0.010% 月化1.9% ✅
[2026-04-05 08:30:49] 
💰 做多机会 (负费率):
[2026-04-05 08:30:49]   COSUSDT 费率-1.013% 月化-274.2% ❌
[2026-04-05 08:30:49]   ONGUSDT 费率-0.846% 月化-229.3% ❌
[2026-04-05 08:30:49]   POLYXUSDT 费率-0.623% 月化-169.0% ❌
[2026-04-05 08:30:49]   NOMUSDT 费率-0.336% 月化-91.4% ❌
[2026-04-05 08:30:49]   THEUSDT 费率-0.265% 月化-72.3% ❌
[2026-04-05 08:30:49] 
⚠️ 高收益机会(月化>3%):
[2026-04-05 08:30:49]   TRUUSDT 做空 月化26.8%
[2026-04-06 08:30:02] 开始扫描(对冲模式)...
[2026-04-06 08:30:03] 合约: 564, 现货: 439, 可对冲: 371
[2026-04-06 08:30:51] 扫描完成，共371个可对冲币种
[2026-04-06 08:30:51] 
🔥 做空机会 (正费率):
[2026-04-06 08:30:51]   IOTAUSDT 费率+0.010% 月化1.9% ✅
[2026-04-06 08:30:51]   GTCUSDT 费率+0.010% 月化1.9% ✅
[2026-04-06 08:30:51]   DENTUSDT 费率+0.010% 月化1.9% ✅
[2026-04-06 08:30:51]   MAVUSDT 费率+0.010% 月化1.9% ✅
[2026-04-06 08:30:51]   SFPUSDT 费率+0.010% 月化1.9% ✅
[2026-04-06 08:30:51] 
💰 做多机会 (负费率):
[2026-04-06 08:30:51]   NOMUSDT 费率-0.765% 月化-207.4% ❌
[2026-04-06 08:30:51]   MMTUSDT 费率-0.749% 月化-203.0% ❌
[2026-04-06 08:30:51]   TRUUSDT 费率-0.304% 月化-82.9% ❌
[2026-04-06 08:30:51]   2ZUSDT 费率-0.276% 月化-75.4% ❌
[2026-04-06 08:30:51]   PIXELUSDT 费率-0.270% 月化-73.7% ❌
[2026-04-07 08:30:02] 开始扫描(对冲模式)...
[2026-04-07 08:30:03] 合约: 568, 现货: 439, 可对冲: 371
[2026-04-07 08:30:49] 扫描完成，共371个可对冲币种
[2026-04-07 08:30:49] 
🔥 做空机会 (正费率):
[2026-04-07 08:30:49]   HIGHUSDT 费率+0.022% 月化5.0% ✅
[2026-04-07 08:30:49]   KITEUSDT 费率+0.014% 月化3.0% ✅
[2026-04-07 08:30:49]   CHRUSDT 费率+0.010% 月化1.9% ✅
[2026-04-07 08:30:49]   LQTYUSDT 费率+0.010% 月化1.9% ✅
[2026-04-07 08:30:49]   COTIUSDT 费率+0.010% 月化1.9% ✅
[2026-04-07 08:30:49] 
💰 做多机会 (负费率):
[2026-04-07 08:30:49]   REDUSDT 费率-1.433% 月化-387.8% ❌
[2026-04-07 08:30:49]   SUPERUSDT 费率-0.544% 月化-147.7% ❌
[2026-04-07 08:30:49]   REZUSDT 费率-0.434% 月化-117.9% ❌
[2026-04-07 08:30:49]   NOMUSDT 费率-0.356% 月化-96.8% ❌
[2026-04-07 08:30:49]   SAHARAUSDT 费率-0.302% 月化-82.4% ❌
[2026-04-07 08:30:49] 
⚠️ 高收益机会(月化>3%):
[2026-04-07 08:30:49]   HIGHUSDT 做空 月化5.0%
[2026-04-07 08:30:49]   KITEUSDT 做空 月化3.0%
[2026-04-08 08:30:01] 开始扫描(对冲模式)...
[2026-04-08 08:30:02] 合约: 570, 现货: 439, 可对冲: 371
[2026-04-08 08:30:47] 扫描完成，共371个可对冲币种
[2026-04-08 08:30:47] 
🔥 做空机会 (正费率):
[2026-04-08 08:30:47]   GTCUSDT 费率+0.031% 月化7.5% ✅
[2026-04-08 08:30:47]   ACTUSDT 费率+0.027% 月化6.5% ✅
[2026-04-08 08:30:47]   MBOXUSDT 费率+0.025% 月化6.0% ✅
[2026-04-08 08:30:47]   ATAUSDT 费率+0.021% 月化4.9% ✅
[2026-04-08 08:30:47]   BANANAS31USDT 费率+0.019% 月化4.4% ✅
[2026-04-08 08:30:47] 
💰 做多机会 (负费率):
[2026-04-08 08:30:47]   JOEUSDT 费率-1.511% 月化-408.8% ❌
[2026-04-08 08:30:47]   KERNELUSDT 费率-0.888% 月化-240.6% ❌
[2026-04-08 08:30:47]   REDUSDT 费率-0.709% 月化-192.3% ❌
[2026-04-08 08:30:47]   NOMUSDT 费率-0.261% 月化-71.3% ❌
[2026-04-08 08:30:47]   REZUSDT 费率-0.250% 月化-68.4% ❌
[2026-04-08 08:30:47] 
⚠️ 高收益机会(月化>3%):
[2026-04-08 08:30:47]   GTCUSDT 做空 月化7.5%
[2026-04-08 08:30:47]   ACTUSDT 做空 月化6.5%
[2026-04-08 08:30:47]   MBOXUSDT 做空 月化6.0%
[2026-04-08 08:30:47]   ATAUSDT 做空 月化4.9%
[2026-04-08 08:30:47]   BANANAS31USDT 做空 月化4.4%
